{"C:\\Developer\\frontend\\phrase-spin\\src\\my-element.ts": {"path":"C:\\Developer\\frontend\\phrase-spin\\src\\my-element.ts","all":true,"statementMap":{"0":{"start":{"line":1,"column":0},"end":{"line":1,"column":43}},"1":{"start":{"line":2,"column":0},"end":{"line":2,"column":59}},"2":{"start":{"line":3,"column":0},"end":{"line":3,"column":38}},"3":{"start":{"line":4,"column":0},"end":{"line":4,"column":32}},"11":{"start":{"line":12,"column":0},"end":{"line":12,"column":28}},"12":{"start":{"line":13,"column":0},"end":{"line":13,"column":43}},"16":{"start":{"line":17,"column":0},"end":{"line":17,"column":13}},"17":{"start":{"line":18,"column":0},"end":{"line":18,"column":60}},"22":{"start":{"line":23,"column":0},"end":{"line":23,"column":29}},"23":{"start":{"line":24,"column":0},"end":{"line":24,"column":11}},"25":{"start":{"line":26,"column":0},"end":{"line":26,"column":12}},"26":{"start":{"line":27,"column":0},"end":{"line":27,"column":16}},"29":{"start":{"line":30,"column":0},"end":{"line":30,"column":62}},"32":{"start":{"line":33,"column":0},"end":{"line":33,"column":64}},"37":{"start":{"line":38,"column":0},"end":{"line":38,"column":54}},"38":{"start":{"line":39,"column":0},"end":{"line":39,"column":32}},"41":{"start":{"line":42,"column":0},"end":{"line":42,"column":51}},"43":{"start":{"line":44,"column":0},"end":{"line":44,"column":3}},"45":{"start":{"line":46,"column":0},"end":{"line":46,"column":22}},"46":{"start":{"line":47,"column":0},"end":{"line":47,"column":16}},"47":{"start":{"line":48,"column":0},"end":{"line":48,"column":3}},"49":{"start":{"line":50,"column":0},"end":{"line":50,"column":22}},"120":{"start":{"line":121,"column":0},"end":{"line":121,"column":1}}},"s":{"0":0,"1":0,"2":0,"3":0,"11":0,"12":0,"16":0,"17":0,"22":0,"23":0,"25":0,"26":0,"29":0,"32":0,"37":0,"38":0,"41":0,"43":0,"45":0,"46":0,"47":0,"49":0,"120":0},"branchMap":{"0":{"type":"branch","line":1,"loc":{"start":{"line":1,"column":2673},"end":{"line":127,"column":1}},"locations":[{"start":{"line":1,"column":2673},"end":{"line":127,"column":1}}]}},"b":{"0":[0]},"fnMap":{"0":{"name":"(empty-report)","decl":{"start":{"line":1,"column":2673},"end":{"line":127,"column":1}},"loc":{"start":{"line":1,"column":2673},"end":{"line":127,"column":1}},"line":1}},"f":{"0":0}}
,"C:\\Developer\\frontend\\phrase-spin\\src\\components\\phrase-spin.ts": {"path":"C:\\Developer\\frontend\\phrase-spin\\src\\components\\phrase-spin.ts","all":false,"statementMap":{"1":{"start":{"line":2,"column":0},"end":{"line":2,"column":59}},"2":{"start":{"line":3,"column":0},"end":{"line":3,"column":66}},"17":{"start":{"line":18,"column":0},"end":{"line":18,"column":29}},"18":{"start":{"line":19,"column":0},"end":{"line":19,"column":51}},"20":{"start":{"line":21,"column":0},"end":{"line":21,"column":28}},"21":{"start":{"line":22,"column":0},"end":{"line":22,"column":24}},"23":{"start":{"line":24,"column":0},"end":{"line":24,"column":29}},"24":{"start":{"line":25,"column":0},"end":{"line":25,"column":32}},"26":{"start":{"line":27,"column":0},"end":{"line":27,"column":29}},"27":{"start":{"line":28,"column":0},"end":{"line":28,"column":22}},"30":{"start":{"line":31,"column":0},"end":{"line":31,"column":10}},"31":{"start":{"line":32,"column":0},"end":{"line":32,"column":35}},"37":{"start":{"line":38,"column":0},"end":{"line":38,"column":22}},"89":{"start":{"line":90,"column":0},"end":{"line":90,"column":29}},"90":{"start":{"line":91,"column":0},"end":{"line":91,"column":29}},"93":{"start":{"line":94,"column":0},"end":{"line":94,"column":52}},"94":{"start":{"line":95,"column":0},"end":{"line":95,"column":22}},"96":{"start":{"line":97,"column":0},"end":{"line":97,"column":11}},"97":{"start":{"line":98,"column":0},"end":{"line":98,"column":46}},"98":{"start":{"line":99,"column":0},"end":{"line":99,"column":36}},"99":{"start":{"line":100,"column":0},"end":{"line":100,"column":53}},"100":{"start":{"line":101,"column":0},"end":{"line":101,"column":48}},"101":{"start":{"line":102,"column":0},"end":{"line":102,"column":94}},"102":{"start":{"line":103,"column":0},"end":{"line":103,"column":16}},"103":{"start":{"line":104,"column":0},"end":{"line":104,"column":27}},"104":{"start":{"line":105,"column":0},"end":{"line":105,"column":9}},"105":{"start":{"line":106,"column":0},"end":{"line":106,"column":15}},"106":{"start":{"line":107,"column":0},"end":{"line":107,"column":64}},"107":{"start":{"line":108,"column":0},"end":{"line":108,"column":7}},"108":{"start":{"line":109,"column":0},"end":{"line":109,"column":5}},"109":{"start":{"line":110,"column":0},"end":{"line":110,"column":56}},"110":{"start":{"line":111,"column":0},"end":{"line":111,"column":24}},"111":{"start":{"line":112,"column":0},"end":{"line":112,"column":36}},"112":{"start":{"line":113,"column":0},"end":{"line":113,"column":5}},"113":{"start":{"line":114,"column":0},"end":{"line":114,"column":48}},"114":{"start":{"line":115,"column":0},"end":{"line":115,"column":20}},"115":{"start":{"line":116,"column":0},"end":{"line":116,"column":49}},"116":{"start":{"line":117,"column":0},"end":{"line":117,"column":32}},"117":{"start":{"line":118,"column":0},"end":{"line":118,"column":32}},"118":{"start":{"line":119,"column":0},"end":{"line":119,"column":7}},"119":{"start":{"line":120,"column":0},"end":{"line":120,"column":5}},"120":{"start":{"line":121,"column":0},"end":{"line":121,"column":33}},"121":{"start":{"line":122,"column":0},"end":{"line":122,"column":24}},"122":{"start":{"line":123,"column":0},"end":{"line":123,"column":3}},"125":{"start":{"line":126,"column":0},"end":{"line":126,"column":32}},"126":{"start":{"line":127,"column":0},"end":{"line":127,"column":15}},"127":{"start":{"line":128,"column":0},"end":{"line":128,"column":32}},"128":{"start":{"line":129,"column":0},"end":{"line":129,"column":3}},"133":{"start":{"line":134,"column":0},"end":{"line":134,"column":24}},"134":{"start":{"line":135,"column":0},"end":{"line":135,"column":33}},"136":{"start":{"line":137,"column":0},"end":{"line":137,"column":24}},"138":{"start":{"line":139,"column":0},"end":{"line":139,"column":80}},"139":{"start":{"line":140,"column":0},"end":{"line":140,"column":3}},"144":{"start":{"line":145,"column":0},"end":{"line":145,"column":23}},"145":{"start":{"line":146,"column":0},"end":{"line":146,"column":40}},"146":{"start":{"line":147,"column":0},"end":{"line":147,"column":36}},"147":{"start":{"line":148,"column":0},"end":{"line":148,"column":33}},"148":{"start":{"line":149,"column":0},"end":{"line":149,"column":5}},"149":{"start":{"line":150,"column":0},"end":{"line":150,"column":3}},"155":{"start":{"line":156,"column":0},"end":{"line":156,"column":33}},"156":{"start":{"line":157,"column":0},"end":{"line":157,"column":53}},"157":{"start":{"line":158,"column":0},"end":{"line":158,"column":12}},"158":{"start":{"line":159,"column":0},"end":{"line":159,"column":5}},"159":{"start":{"line":160,"column":0},"end":{"line":160,"column":69}},"161":{"start":{"line":162,"column":0},"end":{"line":162,"column":62}},"162":{"start":{"line":163,"column":0},"end":{"line":163,"column":58}},"163":{"start":{"line":164,"column":0},"end":{"line":164,"column":20}},"164":{"start":{"line":165,"column":0},"end":{"line":165,"column":20}},"165":{"start":{"line":166,"column":0},"end":{"line":166,"column":7}},"166":{"start":{"line":167,"column":0},"end":{"line":167,"column":3}},"171":{"start":{"line":172,"column":0},"end":{"line":172,"column":68}},"172":{"start":{"line":173,"column":0},"end":{"line":173,"column":48}},"173":{"start":{"line":174,"column":0},"end":{"line":174,"column":57}},"174":{"start":{"line":175,"column":0},"end":{"line":175,"column":17}},"176":{"start":{"line":177,"column":0},"end":{"line":177,"column":45}},"177":{"start":{"line":178,"column":0},"end":{"line":178,"column":29}},"178":{"start":{"line":179,"column":0},"end":{"line":179,"column":42}},"179":{"start":{"line":180,"column":0},"end":{"line":180,"column":7}},"180":{"start":{"line":181,"column":0},"end":{"line":181,"column":5}},"181":{"start":{"line":182,"column":0},"end":{"line":182,"column":3}},"186":{"start":{"line":187,"column":0},"end":{"line":187,"column":38}},"187":{"start":{"line":188,"column":0},"end":{"line":188,"column":64}},"188":{"start":{"line":189,"column":0},"end":{"line":189,"column":16}},"189":{"start":{"line":190,"column":0},"end":{"line":190,"column":63}},"191":{"start":{"line":192,"column":0},"end":{"line":192,"column":3}},"192":{"start":{"line":193,"column":0},"end":{"line":193,"column":1}}},"s":{"1":1,"2":1,"17":1,"18":1,"20":13,"21":13,"23":13,"24":13,"26":13,"27":13,"30":13,"31":13,"37":1,"89":1,"90":13,"93":13,"94":13,"96":11,"97":11,"98":11,"99":1,"100":11,"101":1,"102":1,"103":1,"104":1,"105":11,"106":8,"107":8,"108":11,"109":13,"110":13,"111":1,"112":1,"113":13,"114":13,"115":1,"116":1,"117":1,"118":1,"119":1,"120":13,"121":13,"122":13,"125":1,"126":14,"127":14,"128":14,"133":1,"134":14,"136":14,"138":14,"139":14,"144":1,"145":42,"146":14,"147":14,"148":14,"149":42,"155":1,"156":19,"157":4,"158":4,"159":15,"161":15,"162":15,"163":15,"164":15,"165":15,"166":19,"171":1,"172":15,"173":15,"174":15,"176":15,"177":15,"178":15,"179":15,"180":15,"181":15,"186":1,"187":15,"188":15,"189":15,"191":15,"192":1},"branchMap":{"0":{"type":"branch","line":19,"loc":{"start":{"line":19,"column":7},"end":{"line":32,"column":35}},"locations":[{"start":{"line":19,"column":7},"end":{"line":32,"column":35}}]},"1":{"type":"branch","line":90,"loc":{"start":{"line":90,"column":2},"end":{"line":123,"column":3}},"locations":[{"start":{"line":90,"column":2},"end":{"line":123,"column":3}}]},"2":{"type":"branch","line":95,"loc":{"start":{"line":95,"column":21},"end":{"line":109,"column":5}},"locations":[{"start":{"line":95,"column":21},"end":{"line":109,"column":5}}]},"3":{"type":"branch","line":99,"loc":{"start":{"line":99,"column":35},"end":{"line":101,"column":19}},"locations":[{"start":{"line":99,"column":35},"end":{"line":101,"column":19}}]},"4":{"type":"branch","line":101,"loc":{"start":{"line":101,"column":8},"end":{"line":105,"column":9}},"locations":[{"start":{"line":101,"column":8},"end":{"line":105,"column":9}}]},"5":{"type":"branch","line":101,"loc":{"start":{"line":101,"column":47},"end":{"line":105,"column":9}},"locations":[{"start":{"line":101,"column":47},"end":{"line":105,"column":9}}]},"6":{"type":"branch","line":106,"loc":{"start":{"line":106,"column":6},"end":{"line":108,"column":7}},"locations":[{"start":{"line":106,"column":6},"end":{"line":108,"column":7}}]},"7":{"type":"branch","line":111,"loc":{"start":{"line":111,"column":23},"end":{"line":113,"column":5}},"locations":[{"start":{"line":111,"column":23},"end":{"line":113,"column":5}}]},"8":{"type":"branch","line":115,"loc":{"start":{"line":115,"column":19},"end":{"line":120,"column":5}},"locations":[{"start":{"line":115,"column":19},"end":{"line":120,"column":5}}]},"9":{"type":"branch","line":100,"loc":{"start":{"line":100,"column":36},"end":{"line":100,"column":52}},"locations":[{"start":{"line":100,"column":36},"end":{"line":100,"column":52}}]},"10":{"type":"branch","line":102,"loc":{"start":{"line":102,"column":47},"end":{"line":102,"column":60}},"locations":[{"start":{"line":102,"column":47},"end":{"line":102,"column":60}}]},"11":{"type":"branch","line":107,"loc":{"start":{"line":107,"column":50},"end":{"line":107,"column":63}},"locations":[{"start":{"line":107,"column":50},"end":{"line":107,"column":63}}]},"12":{"type":"branch","line":126,"loc":{"start":{"line":126,"column":2},"end":{"line":129,"column":3}},"locations":[{"start":{"line":126,"column":2},"end":{"line":129,"column":3}}]},"13":{"type":"branch","line":134,"loc":{"start":{"line":134,"column":9},"end":{"line":140,"column":3}},"locations":[{"start":{"line":134,"column":9},"end":{"line":140,"column":3}}]},"14":{"type":"branch","line":139,"loc":{"start":{"line":139,"column":41},"end":{"line":139,"column":69}},"locations":[{"start":{"line":139,"column":41},"end":{"line":139,"column":69}}]},"15":{"type":"branch","line":145,"loc":{"start":{"line":145,"column":9},"end":{"line":150,"column":3}},"locations":[{"start":{"line":145,"column":9},"end":{"line":150,"column":3}}]},"16":{"type":"branch","line":146,"loc":{"start":{"line":146,"column":39},"end":{"line":149,"column":5}},"locations":[{"start":{"line":146,"column":39},"end":{"line":149,"column":5}}]},"17":{"type":"branch","line":156,"loc":{"start":{"line":156,"column":10},"end":{"line":167,"column":3}},"locations":[{"start":{"line":156,"column":10},"end":{"line":167,"column":3}}]},"18":{"type":"branch","line":157,"loc":{"start":{"line":157,"column":52},"end":{"line":159,"column":5}},"locations":[{"start":{"line":157,"column":52},"end":{"line":159,"column":5}}]},"19":{"type":"branch","line":159,"loc":{"start":{"line":159,"column":4},"end":{"line":166,"column":7}},"locations":[{"start":{"line":159,"column":4},"end":{"line":166,"column":7}}]},"20":{"type":"branch","line":172,"loc":{"start":{"line":172,"column":12},"end":{"line":182,"column":3}},"locations":[{"start":{"line":172,"column":12},"end":{"line":182,"column":3}}]},"21":{"type":"branch","line":187,"loc":{"start":{"line":187,"column":12},"end":{"line":192,"column":3}},"locations":[{"start":{"line":187,"column":12},"end":{"line":192,"column":3}}]},"22":{"type":"branch","line":188,"loc":{"start":{"line":188,"column":57},"end":{"line":188,"column":64}},"locations":[{"start":{"line":188,"column":57},"end":{"line":188,"column":64}}]}},"b":{"0":[13],"1":[13],"2":[11],"3":[1],"4":[2],"5":[1],"6":[8],"7":[1],"8":[1],"9":[2],"10":[3],"11":[18],"12":[14],"13":[14],"14":[1],"15":[42],"16":[14],"17":[19],"18":[4],"19":[15],"20":[15],"21":[15],"22":[3]},"fnMap":{"0":{"name":"PhraseSpinElement","decl":{"start":{"line":19,"column":7},"end":{"line":32,"column":35}},"loc":{"start":{"line":19,"column":7},"end":{"line":32,"column":35}},"line":19},"1":{"name":"connectedCallback","decl":{"start":{"line":90,"column":2},"end":{"line":123,"column":3}},"loc":{"start":{"line":90,"column":2},"end":{"line":123,"column":3}},"line":90},"2":{"name":"disconnectedCallback","decl":{"start":{"line":126,"column":2},"end":{"line":129,"column":3}},"loc":{"start":{"line":126,"column":2},"end":{"line":129,"column":3}},"line":126},"3":{"name":"start","decl":{"start":{"line":134,"column":9},"end":{"line":140,"column":3}},"loc":{"start":{"line":134,"column":9},"end":{"line":140,"column":3}},"line":134},"4":{"name":"stop","decl":{"start":{"line":145,"column":9},"end":{"line":150,"column":3}},"loc":{"start":{"line":145,"column":9},"end":{"line":150,"column":3}},"line":145},"5":{"name":"playAnimation","decl":{"start":{"line":156,"column":10},"end":{"line":167,"column":3}},"loc":{"start":{"line":156,"column":10},"end":{"line":167,"column":3}},"line":156},"6":{"name":"updated","decl":{"start":{"line":172,"column":12},"end":{"line":182,"column":3}},"loc":{"start":{"line":172,"column":12},"end":{"line":182,"column":3}},"line":172},"7":{"name":"render","decl":{"start":{"line":187,"column":12},"end":{"line":192,"column":3}},"loc":{"start":{"line":187,"column":12},"end":{"line":192,"column":3}},"line":187}},"f":{"0":13,"1":13,"2":14,"3":14,"4":42,"5":19,"6":15,"7":15}}
}
